<?xml version="1.0" encoding="UTF-8"?>
<testng-results ignored="0" total="1" passed="1" failed="0" skipped="0">
  <reporter-output>
  </reporter-output>
  <suite started-at="2025-01-16T15:47:48 IST" name="Default suite" finished-at="2025-01-16T15:48:03 IST" duration-ms="14969">
    <groups>
    </groups>
    <test started-at="2025-01-16T15:47:48 IST" name="Default test" finished-at="2025-01-16T15:48:03 IST" duration-ms="14969">
      <class name="practice.testng.SampleReportWithScreenshotTest">
        <test-method is-config="true" signature="configBS()[pri:0, instance:practice.testng.SampleReportWithScreenshotTest@557caf28]" started-at="2025-01-16T15:47:47 IST" name="configBS" finished-at="2025-01-16T15:47:48 IST" duration-ms="625" status="PASS">
          <reporter-output>
          </reporter-output>
        </test-method> <!-- configBS -->
        <test-method signature="createContactTest()[pri:0, instance:practice.testng.SampleReportWithScreenshotTest@557caf28]" started-at="2025-01-16T15:47:48 IST" name="createContactTest" finished-at="2025-01-16T15:48:03 IST" duration-ms="14880" status="PASS">
          <reporter-output>
          </reporter-output>
        </test-method> <!-- createContactTest -->
        <test-method is-config="true" signature="congigAS()[pri:0, instance:practice.testng.SampleReportWithScreenshotTest@557caf28]" started-at="2025-01-16T15:48:03 IST" name="congigAS" finished-at="2025-01-16T15:48:04 IST" duration-ms="807" status="PASS">
          <reporter-output>
          </reporter-output>
        </test-method> <!-- congigAS -->
      </class> <!-- practice.testng.SampleReportWithScreenshotTest -->
    </test> <!-- Default test -->
  </suite> <!-- Default suite -->
</testng-results>
